<?xml version="1.0" encoding="UTF-8" ?>
<testsuite errors="0" failures="0" hostname="Ale-Esc-PC" name="prizy.AdminControllerSpec" tests="3" time="2.281" timestamp="2016-02-07T16:22:59">
  <properties />
  <testcase classname="prizy.AdminControllerSpec" name="Product First Row" time="1.203" />
  <testcase classname="prizy.AdminControllerSpec" name="Product Find with criteria" time="0.641" />
  <testcase classname="prizy.AdminControllerSpec" name="Ideal Price Formula Find First Id" time="0.125" />
  <system-out><![CDATA[--Output from Product First Row--
--Output from Product Find with criteria--
--Output from Ideal Price Formula Find First Id--
]]></system-out>
  <system-err><![CDATA[--Output from Product First Row--
--Output from Product Find with criteria--
--Output from Ideal Price Formula Find First Id--
]]></system-err>
</testsuite>
