<?xml version="1.0" encoding="UTF-8" ?>
<testsuite errors="0" failures="0" hostname="bizdes034" name="prizy.AdminControllerSpec" tests="3" time="0.703" timestamp="2016-02-05T15:22:12">
  <properties />
  <testcase classname="prizy.AdminControllerSpec" name="Product First Row" time="0.391" />
  <testcase classname="prizy.AdminControllerSpec" name="Product Find with criteria" time="0.172" />
  <testcase classname="prizy.AdminControllerSpec" name="Ideal Price Formula Find First Id" time="0.062" />
  <system-out><![CDATA[--Output from Product First Row--
--Output from Product Find with criteria--
--Output from Ideal Price Formula Find First Id--
]]></system-out>
  <system-err><![CDATA[--Output from Product First Row--
--Output from Product Find with criteria--
--Output from Ideal Price Formula Find First Id--
]]></system-err>
</testsuite>
